Arguments: 
  C:\Program Files\nodejs\node.exe C:\Program Files\nodejs\node_modules\yarn\bin\yarn.js add expo

PATH: 
  C:\Program Files\Microsoft\jdk-11.0.12.7-hotspot\bin;C:\WINDOWS\system32;C:\WINDOWS;C:\WINDOWS\System32\Wbem;C:\WINDOWS\System32\WindowsPowerShell\v1.0\;C:\WINDOWS\System32\OpenSSH\;C:\Program Files\Microsoft SQL Server\150\Tools\Binn\;C:\Program Files\Microsoft SQL Server\Client SDK\ODBC\170\Tools\Binn\;C:\Program Files\dotnet\;C:\Users\LGUAY\AppData\Roaming\nvm;C:\Program Files\nodejs;C:\Versiones\maven\apache-maven-3.8.5\bin;C:\Versiones\JDK\jdk-18.0.1.1\bin;C:\Versiones\kotlin\kotlin-compiler-1.7.0\bin;C:\Program Files\Git\cmd;C:\Program Files\PuTTY\;C:\xampp\php;C:\ProgramData\ComposerSetup\bin;C:\Program Files\Docker\Docker\resources\bin;C:\ProgramData\DockerDesktop\version-bin;C:\Program Files (x86)\Microsoft SQL Server\150\Tools\Binn\;C:\Program Files\Microsoft SQL Server\150\DTS\Binn\;C:\Program Files (x86)\Microsoft SQL Server\150\DTS\Binn\;C:\Program Files\Azure Data Studio\bin;C:\Users\LGUAY\AppData\Local\Programs\Python\Python310\Scripts\;C:\Users\LGUAY\AppData\Local\Programs\Python\Python310\;C:\Users\LGUAY\AppData\Local\Microsoft\WindowsApps;C:\Users\LGUAY\AppData\Local\Programs\Microsoft VS Code\bin;C:\Users\LGUAY\.dotnet\tools;C:\Users\LGUAY\AppData\Roaming\nvm;C:\Program Files\nodejs;C:\Users\LGUAY\AppData\Local\GitHubDesktop\bin;C:\Users\LGUAY\AppData\Roaming\Composer\vendor\bin;C:\Program Files\Azure Data Studio\bin

Yarn version: 
  1.22.19

Node version: 
  16.15.1

Platform: 
  win32 x64

Trace: 
  Error: https://registry.yarnpkg.com/react-native-web/-/react-native-web-0.17.7.tgz: ESOCKETTIMEDOUT
      at ClientRequest.<anonymous> (C:\Users\LGUAY\AppData\Roaming\nvm\v16.15.1\node_modules\yarn\lib\cli.js:141517:19)
      at Object.onceWrapper (node:events:641:28)
      at ClientRequest.emit (node:events:527:28)
      at TLSSocket.emitRequestTimeout (node:_http_client:771:9)
      at Object.onceWrapper (node:events:641:28)
      at TLSSocket.emit (node:events:539:35)
      at TLSSocket.Socket._onTimeout (node:net:516:8)
      at listOnTimeout (node:internal/timers:559:17)
      at processTimers (node:internal/timers:502:7)

npm manifest: 
  {
    "main": "node_modules/expo/AppEntry.js",
    "scripts": {
      "start": "expo start",
      "android": "expo start --android",
      "ios": "expo start --ios",
      "web": "expo start --web",
      "eject": "expo eject"
    },
    "dependencies": {
      "expo": "~41.0.1",
      "expo-status-bar": "~1.3.0",
      "react": "17.0.2",
      "react-dom": "17.0.2",
      "react-native": "0.68.2",
      "react-native-web": "0.17.7",
      "fbjs": "*",
      "axios": "*",
      "expo-camera": "~12.2.0",
      "expo-sharing": "~10.2.0",
      "expo-constants": "~13.1.1",
      "expo-file-system": "~14.0.0",
      "react-native-pdf": "*",
      "rn-pdf-reader-js": "*",
      "@expo/vector-icons": "^13.0.0",
      "react-native-paper": "4.9.2",
      "expo-barcode-scanner": "~11.3.0",
      "react-native-screens": "~3.11.1",
      "react-native-webview": "11.18.1",
      "react-native-blob-util": "*",
      "@react-navigation/stack": "*",
      "react-native-reanimated": "~2.8.0",
      "@react-navigation/drawer": "*",
      "@react-navigation/native": "*",
      "@react-native-material/core": "*",
      "@react-native-picker/picker": "2.4.0",
      "react-native-gesture-handler": "~2.2.1",
      "@react-native-community/hooks": "*",
      "@react-native-community/picker": "*",
      "react-native-material-dropdown": "*",
      "react-native-safe-area-context": "4.2.4",
      "@react-native-community/netinfo": "8.2.0",
      "react-native-material-dropdown-v2-fixed": "*",
      "@react-native-async-storage/async-storage": "~1.17.3"
    },
    "devDependencies": {
      "@babel/core": "^7.12.9"
    },
    "private": true
  }

yarn manifest: 
  No manifest

Lockfile: 
  No lockfile
